{"/home/sebastian/Descargas/inventory/frontend/src/api/auth.api.ts": {"path":"/home/sebastian/Descargas/inventory/frontend/src/api/auth.api.ts","statementMap":{"0":{"start":{"line":3,"column":0},"end":{"line":3,"column":7}},"1":{"start":{"line":8,"column":0},"end":{"line":8,"column":7}},"2":{"start":{"line":1,"column":0},"end":{"line":1,"column":30}},"3":{"start":{"line":4,"column":19},"end":{"line":4,"column":69}},"4":{"start":{"line":5,"column":2},"end":{"line":5,"column":null}},"5":{"start":{"line":9,"column":19},"end":{"line":9,"column":44}},"6":{"start":{"line":10,"column":2},"end":{"line":10,"column":null}}},"fnMap":{"0":{"name":"login","decl":{"start":{"line":3,"column":22},"end":{"line":3,"column":27}},"loc":{"start":{"line":3,"column":59},"end":{"line":6,"column":1}}},"1":{"name":"profile","decl":{"start":{"line":8,"column":22},"end":{"line":8,"column":29}},"loc":{"start":{"line":8,"column":29},"end":{"line":11,"column":1}}}},"branchMap":{},"s":{"0":1,"1":1,"2":1,"3":0,"4":0,"5":0,"6":0},"f":{"0":0,"1":0},"b":{}}
,"/home/sebastian/Descargas/inventory/frontend/src/api/client.ts": {"path":"/home/sebastian/Descargas/inventory/frontend/src/api/client.ts","statementMap":{"0":{"start":{"line":1,"column":0},"end":{"line":1,"column":25}},"1":{"start":{"line":2,"column":0},"end":{"line":2,"column":51}},"2":{"start":{"line":3,"column":0},"end":{"line":3,"column":34}},"3":{"start":{"line":5,"column":13},"end":{"line":8,"column":null}},"4":{"start":{"line":10,"column":0},"end":{"line":19,"column":null}},"5":{"start":{"line":12,"column":18},"end":{"line":12,"column":47}},"6":{"start":{"line":13,"column":4},"end":{"line":15,"column":5}},"7":{"start":{"line":14,"column":6},"end":{"line":14,"column":null}},"8":{"start":{"line":16,"column":4},"end":{"line":16,"column":null}},"9":{"start":{"line":18,"column":13},"end":{"line":18,"column":34}},"10":{"start":{"line":21,"column":0},"end":{"line":41,"column":null}},"11":{"start":{"line":22,"column":11},"end":{"line":22,"column":14}},"12":{"start":{"line":24,"column":25},"end":{"line":24,"column":30}},"13":{"start":{"line":25,"column":4},"end":{"line":38,"column":5}},"14":{"start":{"line":27,"column":6},"end":{"line":37,"column":7}},"15":{"start":{"line":28,"column":29},"end":{"line":28,"column":65}},"16":{"start":{"line":29,"column":8},"end":{"line":29,"column":null}},"17":{"start":{"line":29,"column":27},"end":{"line":29,"column":null}},"18":{"start":{"line":30,"column":18},"end":{"line":30,"column":67}},"19":{"start":{"line":31,"column":8},"end":{"line":31,"column":null}},"20":{"start":{"line":32,"column":8},"end":{"line":32,"column":null}},"21":{"start":{"line":33,"column":8},"end":{"line":33,"column":null}},"22":{"start":{"line":35,"column":8},"end":{"line":35,"column":null}},"23":{"start":{"line":36,"column":8},"end":{"line":36,"column":null}},"24":{"start":{"line":39,"column":4},"end":{"line":39,"column":null}}},"fnMap":{"0":{"name":"(anonymous_0)","decl":{"start":{"line":11,"column":2},"end":{"line":11,"column":3}},"loc":{"start":{"line":11,"column":13},"end":{"line":17,"column":3}}},"1":{"name":"(anonymous_1)","decl":{"start":{"line":18,"column":2},"end":{"line":18,"column":3}},"loc":{"start":{"line":18,"column":13},"end":{"line":18,"column":34}}},"2":{"name":"(anonymous_2)","decl":{"start":{"line":22,"column":2},"end":{"line":22,"column":3}},"loc":{"start":{"line":22,"column":11},"end":{"line":22,"column":14}}},"3":{"name":"(anonymous_3)","decl":{"start":{"line":23,"column":2},"end":{"line":23,"column":7}},"loc":{"start":{"line":23,"column":18},"end":{"line":40,"column":3}}}},"branchMap":{"0":{"loc":{"start":{"line":13,"column":4},"end":{"line":15,"column":5}},"type":"if","locations":[{"start":{"line":13,"column":4},"end":{"line":15,"column":5}}]},"1":{"loc":{"start":{"line":25,"column":4},"end":{"line":38,"column":5}},"type":"if","locations":[{"start":{"line":25,"column":4},"end":{"line":38,"column":5}}]},"2":{"loc":{"start":{"line":29,"column":8},"end":{"line":29,"column":null}},"type":"if","locations":[{"start":{"line":29,"column":8},"end":{"line":29,"column":null}}]}},"s":{"0":2,"1":2,"2":2,"3":2,"4":2,"5":1,"6":1,"7":0,"8":1,"9":0,"10":2,"11":0,"12":0,"13":0,"14":0,"15":0,"16":0,"17":0,"18":0,"19":0,"20":0,"21":0,"22":0,"23":0,"24":0},"f":{"0":1,"1":0,"2":0,"3":0},"b":{"0":[0],"1":[0],"2":[0]}}
,"/home/sebastian/Descargas/inventory/frontend/src/api/products.api.ts": {"path":"/home/sebastian/Descargas/inventory/frontend/src/api/products.api.ts","statementMap":{"0":{"start":{"line":22,"column":0},"end":{"line":22,"column":7}},"1":{"start":{"line":39,"column":0},"end":{"line":39,"column":7}},"2":{"start":{"line":49,"column":0},"end":{"line":49,"column":7}},"3":{"start":{"line":57,"column":0},"end":{"line":57,"column":7}},"4":{"start":{"line":61,"column":0},"end":{"line":61,"column":7}},"5":{"start":{"line":73,"column":0},"end":{"line":73,"column":7}},"6":{"start":{"line":82,"column":0},"end":{"line":82,"column":7}},"7":{"start":{"line":1,"column":0},"end":{"line":1,"column":30}},"8":{"start":{"line":31,"column":21},"end":{"line":31,"column":59}},"9":{"start":{"line":32,"column":4},"end":{"line":35,"column":null}},"10":{"start":{"line":32,"column":45},"end":{"line":35,"column":6}},"11":{"start":{"line":36,"column":4},"end":{"line":36,"column":null}},"12":{"start":{"line":45,"column":16},"end":{"line":45,"column":49}},"13":{"start":{"line":46,"column":4},"end":{"line":46,"column":null}},"14":{"start":{"line":53,"column":16},"end":{"line":53,"column":56}},"15":{"start":{"line":54,"column":4},"end":{"line":54,"column":null}},"16":{"start":{"line":58,"column":4},"end":{"line":58,"column":null}},"17":{"start":{"line":62,"column":16},"end":{"line":62,"column":75}},"18":{"start":{"line":63,"column":17},"end":{"line":63,"column":74}},"19":{"start":{"line":64,"column":16},"end":{"line":64,"column":48}},"20":{"start":{"line":65,"column":17},"end":{"line":65,"column":44}},"21":{"start":{"line":66,"column":4},"end":{"line":66,"column":null}},"22":{"start":{"line":67,"column":4},"end":{"line":67,"column":null}},"23":{"start":{"line":68,"column":4},"end":{"line":68,"column":null}},"24":{"start":{"line":69,"column":4},"end":{"line":69,"column":null}},"25":{"start":{"line":70,"column":4},"end":{"line":70,"column":null}},"26":{"start":{"line":74,"column":21},"end":{"line":74,"column":35}},"27":{"start":{"line":75,"column":4},"end":{"line":75,"column":null}},"28":{"start":{"line":76,"column":21},"end":{"line":78,"column":6}},"29":{"start":{"line":79,"column":4},"end":{"line":79,"column":null}},"30":{"start":{"line":83,"column":21},"end":{"line":83,"column":58}},"31":{"start":{"line":84,"column":4},"end":{"line":84,"column":null}}},"fnMap":{"0":{"name":"getProducts","decl":{"start":{"line":22,"column":22},"end":{"line":22,"column":33}},"loc":{"start":{"line":30,"column":1},"end":{"line":37,"column":1}}},"1":{"name":"(anonymous_1)","decl":{"start":{"line":32,"column":32},"end":{"line":32,"column":33}},"loc":{"start":{"line":32,"column":45},"end":{"line":35,"column":6}}},"2":{"name":"createProduct","decl":{"start":{"line":39,"column":22},"end":{"line":39,"column":35}},"loc":{"start":{"line":44,"column":1},"end":{"line":47,"column":1}}},"3":{"name":"updateProduct","decl":{"start":{"line":49,"column":22},"end":{"line":49,"column":35}},"loc":{"start":{"line":51,"column":74},"end":{"line":55,"column":1}}},"4":{"name":"deleteProduct","decl":{"start":{"line":57,"column":22},"end":{"line":57,"column":35}},"loc":{"start":{"line":57,"column":46},"end":{"line":59,"column":1}}},"5":{"name":"exportProducts","decl":{"start":{"line":61,"column":22},"end":{"line":61,"column":36}},"loc":{"start":{"line":61,"column":36},"end":{"line":71,"column":1}}},"6":{"name":"importProducts","decl":{"start":{"line":73,"column":22},"end":{"line":73,"column":36}},"loc":{"start":{"line":73,"column":47},"end":{"line":80,"column":1}}},"7":{"name":"getCategories","decl":{"start":{"line":82,"column":22},"end":{"line":82,"column":35}},"loc":{"start":{"line":82,"column":35},"end":{"line":85,"column":1}}}},"branchMap":{},"s":{"0":1,"1":1,"2":1,"3":1,"4":1,"5":1,"6":1,"7":1,"8":0,"9":0,"10":0,"11":0,"12":0,"13":0,"14":0,"15":0,"16":0,"17":0,"18":0,"19":0,"20":0,"21":0,"22":0,"23":0,"24":0,"25":0,"26":0,"27":0,"28":0,"29":0,"30":1,"31":0},"f":{"0":0,"1":0,"2":0,"3":0,"4":0,"5":0,"6":0,"7":1},"b":{}}
,"/home/sebastian/Descargas/inventory/frontend/src/components/ProductFormModal.tsx": {"path":"/home/sebastian/Descargas/inventory/frontend/src/components/ProductFormModal.tsx","statementMap":{"0":{"start":{"line":31,"column":0},"end":{"line":31,"column":24}},"1":{"start":{"line":1,"column":0},"end":{"line":1,"column":41}},"2":{"start":{"line":2,"column":0},"end":{"line":2,"column":23}},"3":{"start":{"line":3,"column":0},"end":{"line":3,"column":53}},"4":{"start":{"line":4,"column":0},"end":{"line":4,"column":80}},"5":{"start":{"line":5,"column":0},"end":{"line":5,"column":30}},"6":{"start":{"line":6,"column":0},"end":{"line":6,"column":38}},"7":{"start":{"line":7,"column":0},"end":{"line":7,"column":43}},"8":{"start":{"line":9,"column":15},"end":{"line":14,"column":2}},"9":{"start":{"line":37,"column":6},"end":{"line":42,"column":4}},"10":{"start":{"line":44,"column":38},"end":{"line":44,"column":60}},"11":{"start":{"line":46,"column":2},"end":{"line":56,"column":null}},"12":{"start":{"line":48,"column":6},"end":{"line":53,"column":7}},"13":{"start":{"line":49,"column":21},"end":{"line":49,"column":42}},"14":{"start":{"line":50,"column":8},"end":{"line":50,"column":null}},"15":{"start":{"line":52,"column":8},"end":{"line":52,"column":null}},"16":{"start":{"line":55,"column":4},"end":{"line":55,"column":null}},"17":{"start":{"line":58,"column":19},"end":{"line":73,"column":3}},"18":{"start":{"line":59,"column":4},"end":{"line":72,"column":5}},"19":{"start":{"line":60,"column":6},"end":{"line":66,"column":7}},"20":{"start":{"line":61,"column":8},"end":{"line":61,"column":null}},"21":{"start":{"line":62,"column":8},"end":{"line":62,"column":null}},"22":{"start":{"line":64,"column":8},"end":{"line":64,"column":null}},"23":{"start":{"line":65,"column":8},"end":{"line":65,"column":null}},"24":{"start":{"line":67,"column":6},"end":{"line":67,"column":null}},"25":{"start":{"line":68,"column":6},"end":{"line":68,"column":null}},"26":{"start":{"line":69,"column":6},"end":{"line":69,"column":null}},"27":{"start":{"line":71,"column":6},"end":{"line":71,"column":null}},"28":{"start":{"line":75,"column":2},"end":{"line":75,"column":null}},"29":{"start":{"line":75,"column":13},"end":{"line":75,"column":null}},"30":{"start":{"line":77,"column":2},"end":{"line":149,"column":null}},"31":{"start":{"line":100,"column":16},"end":{"line":100,"column":34}}},"fnMap":{"0":{"name":"ProductFormModal","decl":{"start":{"line":31,"column":24},"end":{"line":31,"column":40}},"loc":{"start":{"line":31,"column":85},"end":{"line":150,"column":1}}},"1":{"name":"(anonymous_1)","decl":{"start":{"line":46,"column":12},"end":{"line":46,"column":15}},"loc":{"start":{"line":46,"column":17},"end":{"line":56,"column":3}}},"2":{"name":"load","decl":{"start":{"line":47,"column":19},"end":{"line":47,"column":23}},"loc":{"start":{"line":47,"column":23},"end":{"line":54,"column":5}}},"3":{"name":"(anonymous_3)","decl":{"start":{"line":58,"column":19},"end":{"line":58,"column":24}},"loc":{"start":{"line":58,"column":40},"end":{"line":73,"column":3}}},"4":{"name":"(anonymous_4)","decl":{"start":{"line":99,"column":30},"end":{"line":99,"column":31}},"loc":{"start":{"line":100,"column":16},"end":{"line":100,"column":34}}}},"branchMap":{"0":{"loc":{"start":{"line":39,"column":19},"end":{"line":41,"column":54}},"type":"cond-expr","locations":[{"start":{"line":40,"column":8},"end":{"line":40,"column":52}},{"start":{"line":41,"column":8},"end":{"line":41,"column":54}}]},"1":{"loc":{"start":{"line":60,"column":6},"end":{"line":66,"column":7}},"type":"if","locations":[{"start":{"line":60,"column":6},"end":{"line":66,"column":7}},{"start":{"line":63,"column":13},"end":{"line":66,"column":7}}]},"2":{"loc":{"start":{"line":71,"column":51},"end":{"line":71,"column":93}},"type":"binary-expr","locations":[{"start":{"line":71,"column":51},"end":{"line":71,"column":78}},{"start":{"line":71,"column":82},"end":{"line":71,"column":93}}]},"3":{"loc":{"start":{"line":75,"column":2},"end":{"line":75,"column":null}},"type":"if","locations":[{"start":{"line":75,"column":2},"end":{"line":75,"column":null}}]},"4":{"loc":{"start":{"line":81,"column":11},"end":{"line":81,"column":57}},"type":"cond-expr","locations":[{"start":{"line":81,"column":21},"end":{"line":81,"column":38}},{"start":{"line":81,"column":41},"end":{"line":81,"column":57}}]},"5":{"loc":{"start":{"line":90,"column":13},"end":{"line":90,"column":89}},"type":"binary-expr","locations":[{"start":{"line":90,"column":13},"end":{"line":90,"column":24}},{"start":{"line":90,"column":28},"end":{"line":90,"column":89}}]},"6":{"loc":{"start":{"line":105,"column":13},"end":{"line":106,"column":null}},"type":"binary-expr","locations":[{"start":{"line":105,"column":13},"end":{"line":105,"column":28}},{"start":{"line":106,"column":14},"end":{"line":106,"column":84}}]},"7":{"loc":{"start":{"line":118,"column":15},"end":{"line":118,"column":93}},"type":"binary-expr","locations":[{"start":{"line":118,"column":15},"end":{"line":118,"column":27}},{"start":{"line":118,"column":31},"end":{"line":118,"column":93}}]},"8":{"loc":{"start":{"line":127,"column":15},"end":{"line":127,"column":93}},"type":"binary-expr","locations":[{"start":{"line":127,"column":15},"end":{"line":127,"column":27}},{"start":{"line":127,"column":31},"end":{"line":127,"column":93}}]},"9":{"loc":{"start":{"line":142,"column":15},"end":{"line":142,"column":75}},"type":"binary-expr","locations":[{"start":{"line":142,"column":15},"end":{"line":142,"column":27}},{"start":{"line":142,"column":31},"end":{"line":142,"column":75}}]},"10":{"loc":{"start":{"line":143,"column":15},"end":{"line":143,"column":47}},"type":"cond-expr","locations":[{"start":{"line":143,"column":25},"end":{"line":143,"column":37}},{"start":{"line":143,"column":40},"end":{"line":143,"column":47}}]}},"s":{"0":1,"1":1,"2":1,"3":1,"4":1,"5":1,"6":1,"7":1,"8":1,"9":4,"10":4,"11":4,"12":1,"13":1,"14":0,"15":0,"16":1,"17":4,"18":0,"19":0,"20":0,"21":0,"22":0,"23":0,"24":0,"25":0,"26":0,"27":0,"28":4,"29":0,"30":4,"31":0},"f":{"0":4,"1":1,"2":1,"3":0,"4":0},"b":{"0":[0,4],"1":[0,0],"2":[0,0],"3":[0],"4":[0,4],"5":[4,1],"6":[4,1],"7":[4,1],"8":[4,0],"9":[4,1],"10":[0,4]}}
,"/home/sebastian/Descargas/inventory/frontend/src/pages/Login.tsx": {"path":"/home/sebastian/Descargas/inventory/frontend/src/pages/Login.tsx","statementMap":{"0":{"start":{"line":17,"column":0},"end":{"line":17,"column":24}},"1":{"start":{"line":1,"column":0},"end":{"line":1,"column":41}},"2":{"start":{"line":2,"column":0},"end":{"line":2,"column":23}},"3":{"start":{"line":3,"column":0},"end":{"line":3,"column":53}},"4":{"start":{"line":4,"column":0},"end":{"line":4,"column":38}},"5":{"start":{"line":5,"column":0},"end":{"line":5,"column":51}},"6":{"start":{"line":6,"column":0},"end":{"line":6,"column":46}},"7":{"start":{"line":7,"column":0},"end":{"line":7,"column":38}},"8":{"start":{"line":8,"column":0},"end":{"line":8,"column":30}},"9":{"start":{"line":11,"column":15},"end":{"line":14,"column":2}},"10":{"start":{"line":22,"column":8},"end":{"line":22,"column":56}},"11":{"start":{"line":24,"column":23},"end":{"line":24,"column":56}},"12":{"start":{"line":24,"column":43},"end":{"line":24,"column":55}},"13":{"start":{"line":25,"column":21},"end":{"line":25,"column":34}},"14":{"start":{"line":27,"column":21},"end":{"line":53,"column":5}},"15":{"start":{"line":28,"column":8},"end":{"line":52,"column":9}},"16":{"start":{"line":29,"column":24},"end":{"line":29,"column":62}},"17":{"start":{"line":30,"column":26},"end":{"line":30,"column":42}},"18":{"start":{"line":32,"column":12},"end":{"line":34,"column":13}},"19":{"start":{"line":33,"column":16},"end":{"line":33,"column":null}},"20":{"start":{"line":36,"column":33},"end":{"line":36,"column":49}},"21":{"start":{"line":37,"column":25},"end":{"line":41,"column":null}},"22":{"start":{"line":43,"column":12},"end":{"line":43,"column":null}},"23":{"start":{"line":44,"column":12},"end":{"line":44,"column":null}},"24":{"start":{"line":45,"column":12},"end":{"line":45,"column":null}},"25":{"start":{"line":47,"column":12},"end":{"line":47,"column":null}},"26":{"start":{"line":48,"column":12},"end":{"line":51,"column":null}},"27":{"start":{"line":74,"column":4},"end":{"line":140,"column":null}},"28":{"start":{"line":81,"column":38},"end":{"line":81,"column":77}},"29":{"start":{"line":109,"column":39},"end":{"line":109,"column":63}}},"fnMap":{"0":{"name":"Login","decl":{"start":{"line":17,"column":24},"end":{"line":17,"column":29}},"loc":{"start":{"line":17,"column":29},"end":{"line":141,"column":1}}},"1":{"name":"(anonymous_1)","decl":{"start":{"line":24,"column":36},"end":{"line":24,"column":37}},"loc":{"start":{"line":24,"column":43},"end":{"line":24,"column":55}}},"2":{"name":"(anonymous_2)","decl":{"start":{"line":27,"column":21},"end":{"line":27,"column":26}},"loc":{"start":{"line":27,"column":42},"end":{"line":53,"column":5}}},"3":{"name":"(anonymous_3)","decl":{"start":{"line":81,"column":31},"end":{"line":81,"column":32}},"loc":{"start":{"line":81,"column":38},"end":{"line":81,"column":77}}},"4":{"name":"(anonymous_4)","decl":{"start":{"line":109,"column":33},"end":{"line":109,"column":36}},"loc":{"start":{"line":109,"column":39},"end":{"line":109,"column":63}}}},"branchMap":{"0":{"loc":{"start":{"line":32,"column":12},"end":{"line":34,"column":13}},"type":"if","locations":[{"start":{"line":32,"column":12},"end":{"line":34,"column":13}}]},"1":{"loc":{"start":{"line":32,"column":16},"end":{"line":32,"column":51}},"type":"binary-expr","locations":[{"start":{"line":32,"column":16},"end":{"line":32,"column":22}},{"start":{"line":32,"column":26},"end":{"line":32,"column":51}}]},"2":{"loc":{"start":{"line":50,"column":17},"end":{"line":50,"column":87}},"type":"binary-expr","locations":[{"start":{"line":50,"column":17},"end":{"line":50,"column":44}},{"start":{"line":50,"column":48},"end":{"line":50,"column":59}},{"start":{"line":50,"column":63},"end":{"line":50,"column":87}}]},"3":{"loc":{"start":{"line":81,"column":38},"end":{"line":81,"column":77}},"type":"binary-expr","locations":[{"start":{"line":81,"column":38},"end":{"line":81,"column":55}},{"start":{"line":81,"column":59},"end":{"line":81,"column":77}}]},"4":{"loc":{"start":{"line":88,"column":25},"end":{"line":89,"column":null}},"type":"binary-expr","locations":[{"start":{"line":88,"column":25},"end":{"line":88,"column":37}},{"start":{"line":89,"column":28},"end":{"line":89,"column":95}}]},"5":{"loc":{"start":{"line":99,"column":25},"end":{"line":102,"column":null}},"type":"binary-expr","locations":[{"start":{"line":99,"column":25},"end":{"line":99,"column":40}},{"start":{"line":100,"column":28},"end":{"line":101,"column":null}}]},"6":{"loc":{"start":{"line":110,"column":185},"end":{"line":110,"column":null}},"type":"cond-expr","locations":[{"start":{"line":110,"column":200},"end":{"line":110,"column":231}},{"start":{"line":110,"column":234},"end":{"line":110,"column":null}}]},"7":{"loc":{"start":{"line":112,"column":25},"end":{"line":134,"column":null}},"type":"cond-expr","locations":[{"start":{"line":113,"column":28},"end":{"line":130,"column":null}},{"start":{"line":134,"column":28},"end":{"line":134,"column":36}}]}},"s":{"0":1,"1":1,"2":1,"3":1,"4":1,"5":1,"6":1,"7":1,"8":1,"9":1,"10":2,"11":2,"12":2,"13":2,"14":2,"15":0,"16":0,"17":0,"18":0,"19":0,"20":0,"21":0,"22":0,"23":0,"24":0,"25":0,"26":0,"27":2,"28":0,"29":0},"f":{"0":2,"1":2,"2":0,"3":0,"4":0},"b":{"0":[0],"1":[0,0],"2":[0,0,0],"3":[0,0],"4":[2,0],"5":[2,0],"6":[0,2],"7":[0,2]}}
,"/home/sebastian/Descargas/inventory/frontend/src/store/useAuthStore.ts": {"path":"/home/sebastian/Descargas/inventory/frontend/src/store/useAuthStore.ts","statementMap":{"0":{"start":{"line":1,"column":0},"end":{"line":1,"column":32}},"1":{"start":{"line":2,"column":0},"end":{"line":2,"column":44}},"2":{"start":{"line":21,"column":13},"end":{"line":37,"column":null}},"3":{"start":{"line":23,"column":18},"end":{"line":32,"column":10}},"4":{"start":{"line":27,"column":31},"end":{"line":27,"column":37}},"5":{"start":{"line":29,"column":16},"end":{"line":29,"column":null}},"6":{"start":{"line":30,"column":16},"end":{"line":30,"column":null}}},"fnMap":{"0":{"name":"(anonymous_0)","decl":{"start":{"line":23,"column":8},"end":{"line":23,"column":9}},"loc":{"start":{"line":23,"column":18},"end":{"line":32,"column":10}}},"1":{"name":"(anonymous_1)","decl":{"start":{"line":27,"column":24},"end":{"line":27,"column":25}},"loc":{"start":{"line":27,"column":31},"end":{"line":27,"column":37}}},"2":{"name":"(anonymous_2)","decl":{"start":{"line":28,"column":20},"end":{"line":28,"column":23}},"loc":{"start":{"line":28,"column":25},"end":{"line":31,"column":13}}}},"branchMap":{},"s":{"0":2,"1":2,"2":2,"3":2,"4":0,"5":0,"6":0},"f":{"0":2,"1":0,"2":0},"b":{}}
}
