TN:
SF:src/api/auth.api.ts
FN:3,login
FN:8,profile
FNF:2
FNH:0
FNDA:0,login
FNDA:0,profile
DA:1,1
DA:3,1
DA:4,0
DA:5,0
DA:8,1
DA:9,0
DA:10,0
LF:7
LH:3
BRF:0
BRH:0
end_of_record
TN:
SF:src/api/client.ts
FN:11,(anonymous_0)
FN:18,(anonymous_1)
FN:22,(anonymous_2)
FN:23,(anonymous_3)
FNF:4
FNH:1
FNDA:1,(anonymous_0)
FNDA:0,(anonymous_1)
FNDA:0,(anonymous_2)
FNDA:0,(anonymous_3)
DA:1,2
DA:2,2
DA:3,2
DA:5,2
DA:10,2
DA:12,1
DA:13,1
DA:14,0
DA:16,1
DA:18,0
DA:21,2
DA:22,0
DA:24,0
DA:25,0
DA:27,0
DA:28,0
DA:29,0
DA:30,0
DA:31,0
DA:32,0
DA:33,0
DA:35,0
DA:36,0
DA:39,0
LF:24
LH:9
BRDA:13,0,0,0
BRDA:25,1,0,0
BRDA:29,2,0,0
BRF:3
BRH:0
end_of_record
TN:
SF:src/api/products.api.ts
FN:22,getProducts
FN:32,(anonymous_1)
FN:39,createProduct
FN:49,updateProduct
FN:57,deleteProduct
FN:61,exportProducts
FN:73,importProducts
FN:82,getCategories
FNF:8
FNH:1
FNDA:0,getProducts
FNDA:0,(anonymous_1)
FNDA:0,createProduct
FNDA:0,updateProduct
FNDA:0,deleteProduct
FNDA:0,exportProducts
FNDA:0,importProducts
FNDA:1,getCategories
DA:1,1
DA:22,1
DA:31,0
DA:32,0
DA:36,0
DA:39,1
DA:45,0
DA:46,0
DA:49,1
DA:53,0
DA:54,0
DA:57,1
DA:58,0
DA:61,1
DA:62,0
DA:63,0
DA:64,0
DA:65,0
DA:66,0
DA:67,0
DA:68,0
DA:69,0
DA:70,0
DA:73,1
DA:74,0
DA:75,0
DA:76,0
DA:79,0
DA:82,1
DA:83,1
DA:84,0
LF:31
LH:9
BRF:0
BRH:0
end_of_record
TN:
SF:src/components/ProductFormModal.tsx
FN:31,ProductFormModal
FN:46,(anonymous_1)
FN:47,load
FN:58,(anonymous_3)
FN:99,(anonymous_4)
FNF:5
FNH:3
FNDA:4,ProductFormModal
FNDA:1,(anonymous_1)
FNDA:1,load
FNDA:0,(anonymous_3)
FNDA:0,(anonymous_4)
DA:1,1
DA:2,1
DA:3,1
DA:4,1
DA:5,1
DA:6,1
DA:7,1
DA:9,1
DA:31,1
DA:37,4
DA:44,4
DA:46,4
DA:48,1
DA:49,1
DA:50,0
DA:52,0
DA:55,1
DA:58,4
DA:59,0
DA:60,0
DA:61,0
DA:62,0
DA:64,0
DA:65,0
DA:67,0
DA:68,0
DA:69,0
DA:71,0
DA:75,4
DA:77,4
DA:100,0
LF:31
LH:18
BRDA:39,0,0,0
BRDA:39,0,1,4
BRDA:60,1,0,0
BRDA:60,1,1,0
BRDA:71,2,0,0
BRDA:71,2,1,0
BRDA:75,3,0,0
BRDA:81,4,0,0
BRDA:81,4,1,4
BRDA:90,5,0,4
BRDA:90,5,1,1
BRDA:105,6,0,4
BRDA:105,6,1,1
BRDA:118,7,0,4
BRDA:118,7,1,1
BRDA:127,8,0,4
BRDA:127,8,1,0
BRDA:142,9,0,4
BRDA:142,9,1,1
BRDA:143,10,0,0
BRDA:143,10,1,4
BRF:21
BRH:12
end_of_record
TN:
SF:src/pages/Login.tsx
FN:17,Login
FN:24,(anonymous_1)
FN:27,(anonymous_2)
FN:81,(anonymous_3)
FN:109,(anonymous_4)
FNF:5
FNH:2
FNDA:2,Login
FNDA:2,(anonymous_1)
FNDA:0,(anonymous_2)
FNDA:0,(anonymous_3)
FNDA:0,(anonymous_4)
DA:1,1
DA:2,1
DA:3,1
DA:4,1
DA:5,1
DA:6,1
DA:7,1
DA:8,1
DA:11,1
DA:17,1
DA:22,2
DA:24,2
DA:25,2
DA:27,2
DA:28,0
DA:29,0
DA:30,0
DA:32,0
DA:33,0
DA:36,0
DA:37,0
DA:43,0
DA:44,0
DA:45,0
DA:47,0
DA:48,0
DA:74,2
DA:81,0
DA:109,0
LF:29
LH:15
BRDA:32,0,0,0
BRDA:32,1,0,0
BRDA:32,1,1,0
BRDA:50,2,0,0
BRDA:50,2,1,0
BRDA:50,2,2,0
BRDA:81,3,0,0
BRDA:81,3,1,0
BRDA:88,4,0,2
BRDA:88,4,1,0
BRDA:99,5,0,2
BRDA:99,5,1,0
BRDA:110,6,0,0
BRDA:110,6,1,2
BRDA:112,7,0,0
BRDA:112,7,1,2
BRF:16
BRH:4
end_of_record
TN:
SF:src/store/useAuthStore.ts
FN:23,(anonymous_0)
FN:27,(anonymous_1)
FN:28,(anonymous_2)
FNF:3
FNH:1
FNDA:2,(anonymous_0)
FNDA:0,(anonymous_1)
FNDA:0,(anonymous_2)
DA:1,2
DA:2,2
DA:21,2
DA:23,2
DA:27,0
DA:29,0
DA:30,0
LF:7
LH:4
BRF:0
BRH:0
end_of_record
